<?xml version="1.0" encoding="UTF-8"?>
<!-- Generated by org.testng.reporters.JUnitXMLReporter -->
<testsuite hostname="LIN59017991" ignored="0" name="Default test" tests="3" failures="0" timestamp="27 Dec 2021 08:29:47 GMT" time="28.481" errors="0">
  <testcase name="loginTest" time="4.847" classname="com.nopCommerce.testCases.LoginPageDDT"/>
  <testcase name="loginTest" time="0.78" classname="com.nopCommerce.testCases.LoginPageDDT"/>
  <testcase name="loginTest" time="2.037" classname="com.nopCommerce.testCases.LoginPageDDT"/>
</testsuite> <!-- Default test -->
