<?xml version="1.0" encoding="UTF-8"?>
<!-- Generated by org.testng.reporters.JUnitXMLReporter -->
<testsuite hostname="LIN59017991" ignored="0" name="Test" tests="3" failures="0" timestamp="27 Dec 2021 09:41:25 GMT" time="25.491" errors="0">
  <testcase name="validateLoginPageTitleTest" time="0.057" classname="com.nopCommerce.testCases.LoginPageTest"/>
  <testcase name="validateLoginPageTextTest" time="0.047" classname="com.nopCommerce.testCases.LoginPageTest"/>
  <testcase name="loginTest" time="5.441" classname="com.nopCommerce.testCases.LoginPageTest"/>
</testsuite> <!-- Test -->
