<?xml version="1.0" encoding="UTF-8"?>
<!-- Generated by org.testng.reporters.JUnitXMLReporter -->
<testsuite hostname="LIN59017991" ignored="0" name="Test" tests="3" failures="0" timestamp="2021-12-27T15:27:30 IST" time="34.015" errors="0">
  <testcase name="validateLoginPageTitleTest" time="0.038" classname="com.nopCommerce.testCases.LoginPageTest"/>
  <testcase name="validateLoginPageTextTest" time="0.057" classname="com.nopCommerce.testCases.LoginPageTest"/>
  <testcase name="loginTest" time="3.78" classname="com.nopCommerce.testCases.LoginPageTest"/>
</testsuite> <!-- Test -->
