<?xml version="1.0" encoding="UTF-8"?>
<testng-results skipped="0" failed="0" ignored="0" total="3" passed="3">
  <reporter-output>
  </reporter-output>
  <suite name="Suite" duration-ms="34015" started-at="2021-12-27T15:26:56 IST" finished-at="2021-12-27T15:27:30 IST">
    <groups>
    </groups>
    <test name="Test" duration-ms="34015" started-at="2021-12-27T15:26:56 IST" finished-at="2021-12-27T15:27:30 IST">
      <class name="com.nopCommerce.testCases.LoginPageTest">
        <test-method status="PASS" signature="initialization()[pri:0, instance:com.nopCommerce.testCases.LoginPageTest@369f73a2]" name="initialization" is-config="true" duration-ms="5450" started-at="2021-12-27T15:26:56 IST" finished-at="2021-12-27T15:27:02 IST">
          <reporter-output>
          </reporter-output>
        </test-method> <!-- initialization -->
        <test-method status="PASS" signature="validateLoginPageTitleTest()[pri:1, instance:com.nopCommerce.testCases.LoginPageTest@369f73a2]" name="validateLoginPageTitleTest" duration-ms="38" started-at="2021-12-27T15:27:02 IST" finished-at="2021-12-27T15:27:02 IST">
          <reporter-output>
          </reporter-output>
        </test-method> <!-- validateLoginPageTitleTest -->
        <test-method status="PASS" signature="tearDown()[pri:0, instance:com.nopCommerce.testCases.LoginPageTest@369f73a2]" name="tearDown" is-config="true" duration-ms="4145" started-at="2021-12-27T15:27:02 IST" finished-at="2021-12-27T15:27:06 IST">
          <reporter-output>
          </reporter-output>
        </test-method> <!-- tearDown -->
        <test-method status="PASS" signature="initialization()[pri:0, instance:com.nopCommerce.testCases.LoginPageTest@369f73a2]" name="initialization" is-config="true" duration-ms="6394" started-at="2021-12-27T15:27:06 IST" finished-at="2021-12-27T15:27:12 IST">
          <reporter-output>
          </reporter-output>
        </test-method> <!-- initialization -->
        <test-method status="PASS" signature="validateLoginPageTextTest()[pri:2, instance:com.nopCommerce.testCases.LoginPageTest@369f73a2]" name="validateLoginPageTextTest" duration-ms="57" started-at="2021-12-27T15:27:12 IST" finished-at="2021-12-27T15:27:12 IST">
          <reporter-output>
          </reporter-output>
        </test-method> <!-- validateLoginPageTextTest -->
        <test-method status="PASS" signature="tearDown()[pri:0, instance:com.nopCommerce.testCases.LoginPageTest@369f73a2]" name="tearDown" is-config="true" duration-ms="4164" started-at="2021-12-27T15:27:12 IST" finished-at="2021-12-27T15:27:16 IST">
          <reporter-output>
          </reporter-output>
        </test-method> <!-- tearDown -->
        <test-method status="PASS" signature="initialization()[pri:0, instance:com.nopCommerce.testCases.LoginPageTest@369f73a2]" name="initialization" is-config="true" duration-ms="5531" started-at="2021-12-27T15:27:16 IST" finished-at="2021-12-27T15:27:22 IST">
          <reporter-output>
          </reporter-output>
        </test-method> <!-- initialization -->
        <test-method status="PASS" signature="loginTest()[pri:3, instance:com.nopCommerce.testCases.LoginPageTest@369f73a2]" name="loginTest" duration-ms="3780" started-at="2021-12-27T15:27:22 IST" finished-at="2021-12-27T15:27:26 IST">
          <reporter-output>
          </reporter-output>
        </test-method> <!-- loginTest -->
        <test-method status="PASS" signature="tearDown()[pri:0, instance:com.nopCommerce.testCases.LoginPageTest@369f73a2]" name="tearDown" is-config="true" duration-ms="4180" started-at="2021-12-27T15:27:26 IST" finished-at="2021-12-27T15:27:30 IST">
          <reporter-output>
          </reporter-output>
        </test-method> <!-- tearDown -->
      </class> <!-- com.nopCommerce.testCases.LoginPageTest -->
    </test> <!-- Test -->
  </suite> <!-- Suite -->
</testng-results>
