<?xml version="1.0" encoding="UTF-8"?>
<testng-results skipped="0" failed="0" ignored="0" total="3" passed="3">
  <reporter-output>
  </reporter-output>
  <suite name="Suite" duration-ms="25491" started-at="2021-12-27T09:41:00Z" finished-at="2021-12-27T09:41:25Z">
    <groups>
    </groups>
    <test name="Test" duration-ms="25491" started-at="2021-12-27T09:41:00Z" finished-at="2021-12-27T09:41:25Z">
      <class name="com.nopCommerce.testCases.LoginPageTest">
        <test-method status="PASS" signature="initialization()[pri:0, instance:com.nopCommerce.testCases.LoginPageTest@78c03f1f]" name="initialization" is-config="true" duration-ms="4161" started-at="2021-12-27T15:11:00Z" finished-at="2021-12-27T15:11:04Z">
          <reporter-output>
          </reporter-output>
        </test-method> <!-- initialization -->
        <test-method status="PASS" signature="validateLoginPageTitleTest()[pri:1, instance:com.nopCommerce.testCases.LoginPageTest@78c03f1f]" name="validateLoginPageTitleTest" duration-ms="57" started-at="2021-12-27T15:11:04Z" finished-at="2021-12-27T15:11:04Z">
          <reporter-output>
          </reporter-output>
        </test-method> <!-- validateLoginPageTitleTest -->
        <test-method status="PASS" signature="tearDown()[pri:0, instance:com.nopCommerce.testCases.LoginPageTest@78c03f1f]" name="tearDown" is-config="true" duration-ms="4175" started-at="2021-12-27T15:11:04Z" finished-at="2021-12-27T15:11:08Z">
          <reporter-output>
          </reporter-output>
        </test-method> <!-- tearDown -->
        <test-method status="PASS" signature="initialization()[pri:0, instance:com.nopCommerce.testCases.LoginPageTest@78c03f1f]" name="initialization" is-config="true" duration-ms="6094" started-at="2021-12-27T15:11:08Z" finished-at="2021-12-27T15:11:14Z">
          <reporter-output>
          </reporter-output>
        </test-method> <!-- initialization -->
        <test-method status="PASS" signature="validateLoginPageTextTest()[pri:2, instance:com.nopCommerce.testCases.LoginPageTest@78c03f1f]" name="validateLoginPageTextTest" duration-ms="47" started-at="2021-12-27T15:11:14Z" finished-at="2021-12-27T15:11:14Z">
          <reporter-output>
          </reporter-output>
        </test-method> <!-- validateLoginPageTextTest -->
        <test-method status="PASS" signature="tearDown()[pri:0, instance:com.nopCommerce.testCases.LoginPageTest@78c03f1f]" name="tearDown" is-config="true" duration-ms="92" started-at="2021-12-27T15:11:14Z" finished-at="2021-12-27T15:11:14Z">
          <reporter-output>
          </reporter-output>
        </test-method> <!-- tearDown -->
        <test-method status="PASS" signature="initialization()[pri:0, instance:com.nopCommerce.testCases.LoginPageTest@78c03f1f]" name="initialization" is-config="true" duration-ms="5171" started-at="2021-12-27T15:11:14Z" finished-at="2021-12-27T15:11:20Z">
          <reporter-output>
          </reporter-output>
        </test-method> <!-- initialization -->
        <test-method status="PASS" signature="loginTest()[pri:3, instance:com.nopCommerce.testCases.LoginPageTest@78c03f1f]" name="loginTest" duration-ms="5441" started-at="2021-12-27T15:11:20Z" finished-at="2021-12-27T15:11:25Z">
          <reporter-output>
          </reporter-output>
        </test-method> <!-- loginTest -->
        <test-method status="PASS" signature="tearDown()[pri:0, instance:com.nopCommerce.testCases.LoginPageTest@78c03f1f]" name="tearDown" is-config="true" duration-ms="70" started-at="2021-12-27T15:11:25Z" finished-at="2021-12-27T15:11:25Z">
          <reporter-output>
          </reporter-output>
        </test-method> <!-- tearDown -->
      </class> <!-- com.nopCommerce.testCases.LoginPageTest -->
    </test> <!-- Test -->
  </suite> <!-- Suite -->
</testng-results>
